app/build/outputs/mapping/release/configuration.txt
# The proguard configuration file for the following section is Android Gradle plugin 9.3.1 (extracted file: D:\Coding\md-view\app\build\intermediates\default_proguard_files\global\proguard-android-optimize.txt-9.3.1)
# This is a configuration file for ProGuard.
# http://proguard.sourceforge.net/index.html#manual/usage.html
#
# Starting with version 2.2 of the Android plugin for Gradle, this file is distributed together with
# the plugin and unpacked at build-time. The files in $ANDROID_HOME are no longer maintained and
# will be ignored by new version of the Android plugin for Gradle.

# Optimizations: If you don't want to optimize, use the proguard-android.txt configuration file
# instead of this one, which turns off the optimization flags.
-allowaccessmodification

# Preserve some attributes that may be required for reflection.
-keepattributes AnnotationDefault,
                EnclosingMethod,
                InnerClasses,
                RuntimeVisibleAnnotations,
                RuntimeVisibleParameterAnnotations,
                RuntimeVisibleTypeAnnotations,
                Signature

-keep public class com.google.vending.licensing.ILicensingService
-keep public class com.android.vending.licensing.ILicensingService
-keep public class com.google.android.vending.licensing.ILicensingService
-dontnote com.android.vending.licensing.ILicensingService
-dontnote com.google.vending.licensing.ILicensingService
-dontnote com.google.android.vending.licensing.ILicensingService

# For native methods, see https://www.guardsquare.com/manual/configuration/examples#native
-keepclasseswithmembernames,includedescriptorclasses class * {
    native <methods>;
}

# Keep setters in Views so that animations can still work.
-keepclassmembers public class * extends android.view.View {
    void set*(***);
    *** get*();
}

# We want to keep methods in Activity that could be used in the XML attribute onClick.
-keepclassmembers class * extends android.app.Activity {
    public void *(android.view.View);
}

# For enumeration classes, see https://www.guardsquare.com/manual/configuration/examples#enumerations
-keepclassmembers enum * {
    public static **[] values();
    public static ** valueOf(java.lang.String);
}

-keepclassmembers class * implements android.os.Parcelable {
    public static final ** CREATOR;
}

# Preserve annotated Javascript interface methods.
-keepclassmembers class * {
    @android.webkit.JavascriptInterface <methods>;
}

# The support libraries contains references to newer platform versions.
# Don't warn about those in case this app is linking against an older
# platform version. We know about them, and they are safe.
-dontnote android.support.**
-dontnote androidx.**
-dontwarn android.support.**
-dontwarn androidx.**

# Understand the @Keep support annotation.
-keep class android.support.annotation.Keep

-keep @android.support.annotation.Keep class * {*;}

-keepclasseswithmembers class * {
    @android.support.annotation.Keep <methods>;
}

-keepclasseswithmembers class * {
    @android.support.annotation.Keep <fields>;
}

-keepclasseswithmembers class * {
    @android.support.annotation.Keep <init>(...);
}

# These classes are duplicated between android.jar and org.apache.http.legacy.jar.
-dontnote org.apache.http.**
-dontnote android.net.http.**

# These classes are duplicated between android.jar and core-lambda-stubs.jar.
-dontnote java.lang.invoke.**

# End of content from Android Gradle plugin 9.3.1 (extracted file: D:\Coding\md-view\app\build\intermediates\default_proguard_files\global\proguard-android-optimize.txt-9.3.1)
# The proguard configuration file for the following section is md-view\app\proguard-rules.pro
# commonmark discovers its extension classes reflectively in places; keep the
# public AST node types so the parser and our visitor stay in agreement.
-keep class org.commonmark.node.** { *; }

# The extensions register parsers and custom node types (tables, strikethrough,
# front matter) the same way. The renderer matches on those classes by identity,
# so they have to survive shrinking too.
-keep class org.commonmark.ext.** { *; }

# End of content from md-view\app\proguard-rules.pro
# The proguard configuration file for the following section is androidx.compose.material3:material3-android:1.4.0 (extracted file: C:\Users\Domin1c\.gradle\caches\9.6.1\transforms\c907aba1adb979f99549eec289e0b25f\transformed\material3\proguard.txt)
# Intentionally empty proguard rules to indicate this library is safe to shrink

# End of content from androidx.compose.material3:material3-android:1.4.0 (extracted file: C:\Users\Domin1c\.gradle\caches\9.6.1\transforms\c907aba1adb979f99549eec289e0b25f\transformed\material3\proguard.txt)
# The proguard configuration file for the following section is androidx.compose.animation:animation-core-android:1.11.4 (extracted file: C:\Users\Domin1c\.gradle\caches\9.6.1\transforms\a0138a03d794215d95eb02f097b658fb\transformed\animation-core\proguard.txt)
# Copyright (C) 2020 The Android Open Source Project
#
# Licensed under the Apache License, Version 2.0 (the "License");
# you may not use this file except in compliance with the License.
# You may obtain a copy of the License at
#
#      http://www.apache.org/licenses/LICENSE-2.0
#
# Unless required by applicable law or agreed to in writing, software
# distributed under the License is distributed on an "AS IS" BASIS,
# WITHOUT WARRANTIES OR CONDITIONS OF ANY KIND, either express or implied.
# See the License for the specific language governing permissions and
# limitations under the License.

# Keep all the functions created to throw an exception. We don't want these functions to be
# inlined in any way, which R8 will do by default. The whole point of these functions is to
# reduce the amount of code generated at the call site.
-keepclassmembers,allowshrinking,allowobfuscation class androidx.compose.**.* {
    static void throw*Exception(...);
    static void throw*ExceptionForNullCheck(...);
    # For methods returning Nothing
    static java.lang.Void throw*Exception(...);
    static java.lang.Void throw*ExceptionForNullCheck(...);
}

# End of content from androidx.compose.animation:animation-core-android:1.11.4 (extracted file: C:\Users\Domin1c\.gradle\caches\9.6.1\transforms\a0138a03d794215d95eb02f097b658fb\transformed\animation-core\proguard.txt)
# The proguard configuration file for the following section is androidx.compose.animation:animation-android:1.11.4 (extracted file: C:\Users\Domin1c\.gradle\caches\9.6.1\transforms\0fa7d0111e33edf5a1ccc4cbe86d6e23\transformed\animation\proguard.txt)
-assumevalues class androidx.compose.animation.IsLookaheadAnimationVisualDebuggingEnabledKt {
    boolean isLookaheadAnimationVisualDebuggingEnabled return false;
}

-assumenosideeffects class * {
    static androidx.compose.animation.LookaheadAnimationVisualDebugConfig *(...) return null;
}

-assumenosideeffects class androidx.compose.animation.LookaheadAnimationVisualDebugHelperKt {
    public static void LookaheadAnimationVisualDebugging(...);
}
# End of content from androidx.compose.animation:animation-android:1.11.4 (extracted file: C:\Users\Domin1c\.gradle\caches\9.6.1\transforms\0fa7d0111e33edf5a1ccc4cbe86d6e23\transformed\animation\proguard.txt)
# The proguard configuration file for the following section is androidx.compose.foundation:foundation-layout-android:1.11.4 (extracted file: C:\Users\Domin1c\.gradle\caches\9.6.1\transforms\e50a8bf89a1681f748c91eacd16f5a3e\transformed\foundation-layout\proguard.txt)
# Copyright (C) 2020 The Android Open Source Project
#
# Licensed under the Apache License, Version 2.0 (the "License");
# you may not use this file except in compliance with the License.
# You may obtain a copy of the License at
#
#      http://www.apache.org/licenses/LICENSE-2.0
#
# Unless required by applicable law or agreed to in writing, software
# distributed under the License is distributed on an "AS IS" BASIS,
# WITHOUT WARRANTIES OR CONDITIONS OF ANY KIND, either express or implied.
# See the License for the specific language governing permissions and
# limitations under the License.

# Keep all the functions created to throw an exception. We don't want these functions to be
# inlined in any way, which R8 will do by default. The whole point of these functions is to
# reduce the amount of code generated at the call site.
-keepclassmembers,allowshrinking,allowobfuscation class androidx.compose.**.* {
    static void throw*Exception(...);
    static void throw*ExceptionForNullCheck(...);
    # For methods returning Nothing
    static java.lang.Void throw*Exception(...);
    static java.lang.Void throw*ExceptionForNullCheck(...);
}

# End of content from androidx.compose.foundation:foundation-layout-android:1.11.4 (extracted file: C:\Users\Domin1c\.gradle\caches\9.6.1\transforms\e50a8bf89a1681f748c91eacd16f5a3e\transformed\foundation-layout\proguard.txt)
# The proguard configuration file for the following section is androidx.compose.foundation:foundation-android:1.11.4 (extracted file: C:\Users\Domin1c\.gradle\caches\9.6.1\transforms\9e7d292b86e7692d3f9b014db5ed2f25\transformed\foundation\proguard.txt)
# Copyright (C) 2020 The Android Open Source Project
#
# Licensed under the Apache License, Version 2.0 (the "License");
# you may not use this file except in compliance with the License.
# You may obtain a copy of the License at
#
#      http://www.apache.org/licenses/LICENSE-2.0
#
# Unless required by applicable law or agreed to in writing, software
# distributed under the License is distributed on an "AS IS" BASIS,
# WITHOUT WARRANTIES OR CONDITIONS OF ANY KIND, either express or implied.
# See the License for the specific language governing permissions and
# limitations under the License.

# Keep all the functions created to throw an exception. We don't want these functions to be
# inlined in any way, which R8 will do by default. The whole point of these functions is to
# reduce the amount of code generated at the call site.
-keepclassmembers,allowshrinking,allowobfuscation class androidx.compose.**.* {
    static void throw*Exception(...);
    # For methods returning Nothing
    static java.lang.Void throw*Exception(...);
}


# End of content from androidx.compose.foundation:foundation-android:1.11.4 (extracted file: C:\Users\Domin1c\.gradle\caches\9.6.1\transforms\9e7d292b86e7692d3f9b014db5ed2f25\transformed\foundation\proguard.txt)
# The proguard configuration file for the following section is androidx.compose.ui:ui-unit-android:1.11.4 (extracted file: C:\Users\Domin1c\.gradle\caches\9.6.1\transforms\b3ccd8bf318cbc4895da86baa2a6053b\transformed\ui-unit\proguard.txt)
# Copyright (C) 2020 The Android Open Source Project
#
# Licensed under the Apache License, Version 2.0 (the "License");
# you may not use this file except in compliance with the License.
# You may obtain a copy of the License at
#
#      http://www.apache.org/licenses/LICENSE-2.0
#
# Unless required by applicable law or agreed to in writing, software
# distributed under the License is distributed on an "AS IS" BASIS,
# WITHOUT WARRANTIES OR CONDITIONS OF ANY KIND, either express or implied.
# See the License for the specific language governing permissions and
# limitations under the License.

# Keep all the functions created to throw an exception. We don't want these functions to be
# inlined in any way, which R8 will do by default. The whole point of these functions is to
# reduce the amount of code generated at the call site.
-keepclassmembers,allowshrinking,allowobfuscation class androidx.compose.**.* {
    static void throw*Exception(...);
    static void throw*ExceptionForNullCheck(...);
    # For methods returning Nothing
    static java.lang.Void throw*Exception(...);
    static java.lang.Void throw*ExceptionForNullCheck(...);
}

# End of content from androidx.compose.ui:ui-unit-android:1.11.4 (extracted file: C:\Users\Domin1c\.gradle\caches\9.6.1\transforms\b3ccd8bf318cbc4895da86baa2a6053b\transformed\ui-unit\proguard.txt)
# The proguard configuration file for the following section is androidx.compose.ui:ui-util-android:1.11.4 (extracted file: C:\Users\Domin1c\.gradle\caches\9.6.1\transforms\2eaec8974794c7c6e1fb76b7d2235df8\transformed\ui-util\proguard.txt)
# Copyright (C) 2020 The Android Open Source Project
#
# Licensed under the Apache License, Version 2.0 (the "License");
# you may not use this file except in compliance with the License.
# You may obtain a copy of the License at
#
#      http://www.apache.org/licenses/LICENSE-2.0
#
# Unless required by applicable law or agreed to in writing, software
# distributed under the License is distributed on an "AS IS" BASIS,
# WITHOUT WARRANTIES OR CONDITIONS OF ANY KIND, either express or implied.
# See the License for the specific language governing permissions and
# limitations under the License.

# Keep all the functions created to throw an exception. We don't want these functions to be
# inlined in any way, which R8 will do by default. The whole point of these functions is to
# reduce the amount of code generated at the call site.
-keepclassmembers,allowshrinking,allowobfuscation class androidx.compose.**.* {
    static void throw*Exception(...);
    static void throw*ExceptionForNullCheck(...);
    # For methods returning Nothing
    static java.lang.Void throw*Exception(...);
    static java.lang.Void throw*ExceptionForNullCheck(...);
}

# End of content from androidx.compose.ui:ui-util-android:1.11.4 (extracted file: C:\Users\Domin1c\.gradle\caches\9.6.1\transforms\2eaec8974794c7c6e1fb76b7d2235df8\transformed\ui-util\proguard.txt)
# The proguard configuration file for the following section is androidx.compose.ui:ui-text-android:1.11.4 (extracted file: C:\Users\Domin1c\.gradle\caches\9.6.1\transforms\097da11a9dfe83f62a95ff1c57bc5e7b\transformed\ui-text\proguard.txt)
# Copyright (C) 2020 The Android Open Source Project
#
# Licensed under the Apache License, Version 2.0 (the "License");
# you may not use this file except in compliance with the License.
# You may obtain a copy of the License at
#
#      http://www.apache.org/licenses/LICENSE-2.0
#
# Unless required by applicable law or agreed to in writing, software
# distributed under the License is distributed on an "AS IS" BASIS,
# WITHOUT WARRANTIES OR CONDITIONS OF ANY KIND, either express or implied.
# See the License for the specific language governing permissions and
# limitations under the License.

# Keep all the functions created to throw an exception. We don't want these functions to be
# inlined in any way, which R8 will do by default. The whole point of these functions is to
# reduce the amount of code generated at the call site.
-keepclassmembers,allowshrinking,allowobfuscation class androidx.compose.**.* {
    static void throw*Exception(...);
    static void throw*ExceptionForNullCheck(...);
    # For methods returning Nothing
    static java.lang.Void throw*Exception(...);
    static java.lang.Void throw*ExceptionForNullCheck(...);
}

# End of content from androidx.compose.ui:ui-text-android:1.11.4 (extracted file: C:\Users\Domin1c\.gradle\caches\9.6.1\transforms\097da11a9dfe83f62a95ff1c57bc5e7b\transformed\ui-text\proguard.txt)
# The proguard configuration file for the following section is androidx.compose.ui:ui-graphics-android:1.11.4 (extracted file: C:\Users\Domin1c\.gradle\caches\9.6.1\transforms\adcbcfc4190bab147b606ee0469c7816\transformed\ui-graphics\proguard.txt)
# Copyright (C) 2020 The Android Open Source Project
#
# Licensed under the Apache License, Version 2.0 (the "License");
# you may not use this file except in compliance with the License.
# You may obtain a copy of the License at
#
#      http://www.apache.org/licenses/LICENSE-2.0
#
# Unless required by applicable law or agreed to in writing, software
# distributed under the License is distributed on an "AS IS" BASIS,
# WITHOUT WARRANTIES OR CONDITIONS OF ANY KIND, either express or implied.
# See the License for the specific language governing permissions and
# limitations under the License.

# Keep all the functions created to throw an exception. We don't want these functions to be
# inlined in any way, which R8 will do by default. The whole point of these functions is to
# reduce the amount of code generated at the call site.
-keepclassmembers,allowshrinking,allowobfuscation class androidx.compose.**.* {
    static void throw*Exception(...);
    static void throw*ExceptionForNullCheck(...);
    # For methods returning Nothing
    static java.lang.Void throw*Exception(...);
    static java.lang.Void throw*ExceptionForNullCheck(...);
}
-keepclassmembers class androidx.compose.ui.graphics.layer.view.ViewLayerContainer {
    protected void dispatchGetDisplayList();
}
-keepclassmembers class androidx.compose.ui.graphics.layer.view.PlaceholderHardwareCanvas {
    public int drawRenderNode(...);
    public boolean isHardwareAccelerated();
}

# End of content from androidx.compose.ui:ui-graphics-android:1.11.4 (extracted file: C:\Users\Domin1c\.gradle\caches\9.6.1\transforms\adcbcfc4190bab147b606ee0469c7816\transformed\ui-graphics\proguard.txt)
# The proguard configuration file for the following section is androidx.transition:transition:1.6.0 (extracted file: C:\Users\Domin1c\.gradle\caches\9.6.1\transforms\73cd16f983605a3f8ceda22d7d779818\transformed\transition-1.6.0\proguard.txt)
# Copyright (C) 2017 The Android Open Source Project
#
# Licensed under the Apache License, Version 2.0 (the "License");
# you may not use this file except in compliance with the License.
# You may obtain a copy of the License at
#
#      http://www.apache.org/licenses/LICENSE-2.0
#
# Unless required by applicable law or agreed to in writing, software
# distributed under the License is distributed on an "AS IS" BASIS,
# WITHOUT WARRANTIES OR CONDITIONS OF ANY KIND, either express or implied.
# See the License for the specific language governing permissions and
# limitations under the License.

# Keep a field in transition that is used to keep a reference to weakly-referenced object
-keepclassmembers class androidx.transition.ChangeBounds$* extends android.animation.AnimatorListenerAdapter {
  androidx.transition.ChangeBounds$ViewBounds mViewBounds;
}

# End of content from androidx.transition:transition:1.6.0 (extracted file: C:\Users\Domin1c\.gradle\caches\9.6.1\transforms\73cd16f983605a3f8ceda22d7d779818\transformed\transition-1.6.0\proguard.txt)
# The proguard configuration file for the following section is androidx.window:window-core-android:1.5.0 (extracted file: C:\Users\Domin1c\.gradle\caches\9.6.1\transforms\757cc356cb48448cbe05ca722cc449fe\transformed\window-core\proguard.txt)
# Intentionally empty proguard rules to indicate this library is safe to shrink

# End of content from androidx.window:window-core-android:1.5.0 (extracted file: C:\Users\Domin1c\.gradle\caches\9.6.1\transforms\757cc356cb48448cbe05ca722cc449fe\transformed\window-core\proguard.txt)
# The proguard configuration file for the following section is androidx.window:window:1.5.0 (extracted file: C:\Users\Domin1c\.gradle\caches\9.6.1\transforms\e055c6c07ca05a489bb5dfd09301552c\transformed\window-1.5.0\proguard.txt)
# Copyright (C) 2020 The Android Open Source Project
#
# Licensed under the Apache License, Version 2.0 (the "License");
# you may not use this file except in compliance with the License.
# You may obtain a copy of the License at
#
#      http://www.apache.org/licenses/LICENSE-2.0
#
# Unless required by applicable law or agreed to in writing, software
# distributed under the License is distributed on an "AS IS" BASIS,
# WITHOUT WARRANTIES OR CONDITIONS OF ANY KIND, either express or implied.
# See the License for the specific language governing permissions and
# limitations under the License.

# A rule that will keep classes that implement SidecarInterface$SidecarCallback if Sidecar seems
# be used. See b/157286362 and b/165268619 for details.