app/build/outputs/mapping/release/seeds.txt
com.mdview.MainActivity
com.mdview.MessageAction: com.mdview.MessageAction[] values()
com.mdview.MessageAction: com.mdview.MessageAction valueOf(java.lang.String)
com.mdview.data.UnreadableDocumentException$Reason: com.mdview.data.UnreadableDocumentException$Reason valueOf(java.lang.String)
com.mdview.markdown.DocumentCodec$LineEndings: com.mdview.markdown.DocumentCodec$LineEndings[] values()
com.mdview.MainActivity: MainActivity()
com.mdview.Mode: com.mdview.Mode valueOf(java.lang.String)
com.mdview.ui.PendingAction: com.mdview.ui.PendingAction valueOf(java.lang.String)
com.mdview.data.UnreadableDocumentException$Reason: com.mdview.data.UnreadableDocumentException$Reason[] values()
com.mdview.markdown.DocumentCodec$LineEndings: com.mdview.markdown.DocumentCodec$LineEndings valueOf(java.lang.String)
com.mdview.ui.PendingAction: com.mdview.ui.PendingAction[] values()
com.mdview.Mode: com.mdview.Mode[] values()
...
androidx.core.view.ViewCompat$Api21Impl: void callCompatInsetAnimationCallback(android.view.WindowInsets,android.view.View)
androidx.compose.foundation.gestures.Orientation: androidx.compose.foundation.gestures.Orientation valueOf(java.lang.String)
org.commonmark.node.Node: org.commonmark.node.Node getFirstChild()
org.commonmark.node.LinkReferenceDefinition: void setDestination(java.lang.String)
org.commonmark.ext.autolink.AutolinkExtension$Builder: org.commonmark.Extension build()
androidx.activity.EdgeToEdgeApi30: void adjustLayoutInDisplayCutoutMode(android.view.Window)
org.commonmark.node.Visitor: void visit(org.commonmark.node.Link)
androidx.lifecycle.ReportFragment$LifecycleCallbacks: ReportFragment$LifecycleCallbacks()
org.commonmark.ext.gfm.tables.internal.TableBlockParser: org.commonmark.node.Block getBlock()
org.commonmark.node.AbstractVisitor: void visit(org.commonmark.node.Text)
androidx.lifecycle.Lifecycle$Event: androidx.lifecycle.Lifecycle$Event[] values()
androidx.lifecycle.ReportFragment$LifecycleCallbacks: void onActivitySaveInstanceState(android.app.Activity,android.os.Bundle)
org.commonmark.ext.front.matter.internal.YamlFrontMatterBlockParser: org.commonmark.parser.block.BlockContinue tryContinue(org.commonmark.parser.block.ParserState)
androidx.lifecycle.EmptyActivityLifecycleCallbacks: void onActivityResumed(android.app.Activity)
org.commonmark.ext.gfm.tables.TableCell$Alignment: TableCell$Alignment(java.lang.String,int)
org.commonmark.ext.autolink.AutolinkType: org.commonmark.ext.autolink.AutolinkType[] values()
org.commonmark.node.Node: void insertBefore(org.commonmark.node.Node)
androidx.compose.ui.window.PopupLayout: void setPositionProvider(androidx.compose.ui.window.PopupPositionProvider)
org.commonmark.node.Node: org.commonmark.node.Node getParent()
org.commonmark.node.Link: Link()
org.commonmark.ext.gfm.tables.TableCell: void setAlignment(org.commonmark.ext.gfm.tables.TableCell$Alignment)
org.commonmark.parser.block.AbstractBlockParser: boolean isContainer()
androidx.compose.material.ripple.RippleHostView: void setRippleState$lambda$1(androidx.compose.material.ripple.RippleHostView)
androidx.core.view.WindowInsetsCompat$BuilderImpl36: WindowInsetsCompat$BuilderImpl36()
org.commonmark.node.AbstractVisitor: void visit(org.commonmark.node.HardLineBreak)
org.commonmark.node.Emphasis: Emphasis()
org.commonmark.node.Link: java.lang.String getTitle()
org.commonmark.node.Visitor: void visit(org.commonmark.node.FencedCodeBlock)
org.commonmark.node.IndentedCodeBlock: void accept(org.commonmark.node.Visitor)
androidx.compose.ui.platform.AndroidComposeView: void setAttached(boolean)
androidx.activity.EdgeToEdgeApi29: void setUp(androidx.activity.SystemBarStyle,androidx.activity.SystemBarStyle,android.view.Window,android.view.View,boolean,boolean)
androidx.core.view.WindowInsetsCompat$BuilderImpl34: WindowInsetsCompat$BuilderImpl34()
kotlinx.coroutines.android.AndroidExceptionPreHandler: AndroidExceptionPreHandler()
androidx.compose.ui.text.AnnotationType: androidx.compose.ui.text.AnnotationType[] values()
org.commonmark.node.FencedCodeBlock: void setInfo(java.lang.String)
androidx.compose.ui.window.PopupLayout: androidx.compose.ui.platform.AbstractComposeView getSubCompositionView()
androidx.compose.foundation.text.input.internal.undo.TextFieldEditUndoBehavior: androidx.compose.foundation.text.input.internal.undo.TextFieldEditUndoBehavior valueOf(java.lang.String)
org.commonmark.ext.autolink.AutolinkExtension: void extend(org.commonmark.parser.Parser$Builder)
org.commonmark.node.Heading: int getLevel()
androidx.compose.foundation.text.contextmenu.modifier.ToolbarHandlerState: androidx.compose.foundation.text.contextmenu.modifier.ToolbarHandlerState valueOf(java.lang.String)
androidx.core.view.WindowInsetsCompat$Impl20: boolean systemBarVisibilityEquals(int,int)
org.commonmark.ext.gfm.strikethrough.StrikethroughExtension$1: StrikethroughExtension$1(org.commonmark.ext.gfm.strikethrough.StrikethroughExtension)