app/build/outputs/mapping/release/usage.txt
com.mdview.MainActivity:
    public static final int $stable
com.mdview.MainViewModel:
    private static final long AUTOSAVE_DELAY_MS
    private static final java.lang.String KEY_URI
    public final void setMode(com.mdview.Mode)
com.mdview.MessageAction:
    private static final synthetic kotlin.enums.EnumEntries $ENTRIES
    public static kotlin.enums.EnumEntries getEntries()
com.mdview.Mode:
    private static final synthetic kotlin.enums.EnumEntries $ENTRIES
    public static kotlin.enums.EnumEntries getEntries()
com.mdview.R$color
com.mdview.R$drawable
com.mdview.R$mipmap
com.mdview.R$string:
    public static int app_name
    private void <init>()
com.mdview.R$style
com.mdview.R
com.mdview.UiState:
    public static final int $stable
    public void <init>()
    public final android.net.Uri component1()
    public final java.lang.String component2()
    public final com.mdview.Mode component3()
    public final boolean component4()
    public final boolean component5()
    public final com.mdview.UserMessage component6()
com.mdview.UserMessage:
    public static final int $stable
    public final int component1()
    public final java.lang.String component2()
    public final java.lang.Integer component3()
    public final com.mdview.MessageAction component4()
    public final long component5()
    public final com.mdview.UserMessage copy(int,java.lang.String,java.lang.Integer,com.mdview.MessageAction,long)
    public static synthetic com.mdview.UserMessage copy$default(com.mdview.UserMessage,int,java.lang.String,java.lang.Integer,com.mdview.MessageAction,long,int,java.lang.Object)
com.mdview.data.DocumentRepository$displayName$2:
    int label
com.mdview.data.DocumentRepository$read$2:
    int label
com.mdview.data.DocumentRepository$write$2:
    int label
com.mdview.data.DocumentRepository:
    public static final int $stable
    private static final com.mdview.data.DocumentRepository$Companion Companion
    public static final long MAX_SIZE_BYTES
com.mdview.data.DraftStore$clear$2:
    int label
com.mdview.data.DraftStore$load$2:
    int label
com.mdview.data.DraftStore$save$2:
    int label
com.mdview.data.DraftStore:
    public static final int $stable
    public static final java.lang.String UNTITLED_KEY
com.mdview.data.LoadedDocument:
    public static final int $stable
    public final java.lang.String component1()
    public final com.mdview.markdown.DocumentCodec$LineEndings component2()
    public final boolean component3()
com.mdview.data.UnreadableDocumentException$Reason:
    private static final synthetic kotlin.enums.EnumEntries $ENTRIES
    public static kotlin.enums.EnumEntries getEntries()
com.mdview.data.UnreadableDocumentException:
    public static final int $stable
com.mdview.markdown.DocumentCodec$Decoded:
    public static final int $stable
    public final java.lang.String component1()
    public final com.mdview.markdown.DocumentCodec$LineEndings component2()
    public final boolean component3()
    public final com.mdview.markdown.DocumentCodec$Decoded copy(java.lang.String,com.mdview.markdown.DocumentCodec$LineEndings,boolean)
    public static synthetic com.mdview.markdown.DocumentCodec$Decoded copy$default(com.mdview.markdown.DocumentCodec$Decoded,java.lang.String,com.mdview.markdown.DocumentCodec$LineEndings,boolean,int,java.lang.Object)
com.mdview.markdown.DocumentCodec$LineEndings:
    private static final synthetic kotlin.enums.EnumEntries $ENTRIES
    public static kotlin.enums.EnumEntries getEntries()
com.mdview.markdown.DocumentCodec:
    public static final int $stable
    private static final char BOM
    private static final int SNIFF_LENGTH
    public static synthetic byte[] encode$default(com.mdview.markdown.DocumentCodec,java.lang.String,com.mdview.markdown.DocumentCodec$LineEndings,boolean,int,java.lang.Object)
...
androidx.compose.material.icons.rounded.FacebookKt
androidx.compose.material.icons.rounded.FactCheckKt
androidx.compose.material.icons.rounded.FactoryKt
androidx.compose.material.icons.rounded.FamilyRestroomKt
androidx.compose.material.icons.rounded.FastForwardKt
androidx.compose.material.icons.rounded.FastRewindKt
androidx.compose.material.icons.rounded.FastfoodKt
androidx.compose.material.icons.rounded.FavoriteBorderKt
androidx.compose.material.icons.rounded.FavoriteKt
androidx.compose.material.icons.rounded.FaxKt
androidx.compose.material.icons.rounded.FeaturedPlayListKt
androidx.compose.material.icons.rounded.FeaturedVideoKt
androidx.compose.material.icons.rounded.FeedKt
androidx.compose.material.icons.rounded.FeedbackKt
androidx.compose.material.icons.rounded.FemaleKt
androidx.compose.material.icons.rounded.FenceKt
androidx.compose.material.icons.rounded.FestivalKt
androidx.compose.material.icons.rounded.FiberDvrKt
androidx.compose.material.icons.rounded.FiberManualRecordKt
androidx.compose.material.icons.rounded.FiberNewKt
androidx.compose.material.icons.rounded.FiberPinKt
androidx.compose.material.icons.rounded.FiberSmartRecordKt
androidx.compose.material.icons.rounded.FileCopyKt
androidx.compose.material.icons.rounded.FileDownloadDoneKt
androidx.compose.material.icons.rounded.FileDownloadKt
androidx.compose.material.icons.rounded.FileDownloadOffKt
androidx.compose.material.icons.rounded.FileOpenKt
androidx.compose.material.icons.rounded.FilePresentKt
androidx.compose.material.icons.rounded.FileUploadKt
androidx.compose.material.icons.rounded.Filter1Kt
androidx.compose.material.icons.rounded.Filter2Kt
androidx.compose.material.icons.rounded.Filter3Kt
androidx.compose.material.icons.rounded.Filter4Kt
androidx.compose.material.icons.rounded.Filter5Kt
androidx.compose.material.icons.rounded.Filter6Kt
androidx.compose.material.icons.rounded.Filter7Kt
androidx.compose.material.icons.rounded.Filter8Kt
androidx.compose.material.icons.rounded.Filter9Kt
androidx.compose.material.icons.rounded.Filter9PlusKt
androidx.compose.material.icons.rounded.FilterAltKt
androidx.compose.material.icons.rounded.FilterAltOffKt
androidx.compose.material.icons.rounded.FilterBAndWKt
androidx.compose.material.icons.rounded.FilterCenterFocusKt
androidx.compose.material.icons.rounded.FilterDramaKt
androidx.compose.material.icons.rounded.FilterFramesKt
androidx.compose.material.icons.rounded.FilterHdrKt
androidx.compose.material.icons.rounded.FilterKt
androidx.compose.material.icons.rounded.FilterListKt
androidx.compose.material.icons.rounded.FilterListOffKt
androidx.compose.material.icons.rounded.FilterNoneKt
androidx.compose.material.icons.rounded.FilterTiltShiftKt
androidx.compose.material.icons.rounded.FilterVintageKt
androidx.compose.material.icons.rounded.FindInPageKt
androidx.compose.material.icons.rounded.FindReplaceKt
androidx.compose.material.icons.rounded.FingerprintKt
androidx.compose.material.icons.rounded.FireExtinguisherKt
androidx.compose.material.icons.rounded.FireHydrantAltKt
androidx.compose.material.icons.rounded.FireTruckKt
androidx.compose.material.icons.rounded.FireplaceKt
androidx.compose.material.icons.rounded.FirstPageKt
androidx.compose.material.icons.rounded.FitScreenKt
androidx.compose.material.icons.rounded.FitbitKt
androidx.compose.material.icons.rounded.FitnessCenterKt
androidx.compose.material.icons.rounded.FlagCircleKt
androidx.compose.material.icons.rounded.FlagKt
androidx.compose.material.icons.rounded.FlakyKt
androidx.compose.material.icons.rounded.FlareKt
androidx.compose.material.icons.rounded.FlashAutoKt
androidx.compose.material.icons.rounded.FlashOffKt
androidx.compose.material.icons.rounded.FlashOnKt
androidx.compose.material.icons.rounded.FlashlightOffKt
androidx.compose.material.icons.rounded.FlashlightOnKt
androidx.compose.material.icons.rounded.FlatwareKt
androidx.compose.material.icons.rounded.FlightClassKt
androidx.compose.material.icons.rounded.FlightKt